<?xml version="1.0" encoding="UTF-8"?>
<testng-results ignored="0" total="2" passed="2" failed="0" skipped="0">
  <reporter-output>
  </reporter-output>
  <suite started-at="2026-05-14T00:11:49 IST" name="Default suite" finished-at="2026-05-14T00:12:06 IST" duration-ms="17430">
    <groups>
      <group name="cucumber">
        <method signature="AbstractTestNGCucumberTests.runScenario(io.cucumber.testng.PickleWrapper,io.cucumber.testng.FeatureWrapper)[pri:0, instance:com.runner.TestNGRunner@5e17553a]" name="runScenario" class="io.cucumber.testng.AbstractTestNGCucumberTests"/>
      </group> <!-- cucumber -->
    </groups>
    <test started-at="2026-05-14T00:11:49 IST" name="Default test" finished-at="2026-05-14T00:12:06 IST" duration-ms="17430">
      <class name="com.runner.TestNGRunner">
        <test-method is-config="true" signature="setUpClass(org.testng.ITestContext)[pri:0, instance:com.runner.TestNGRunner@5e17553a]" started-at="2026-05-14T00:11:49 IST" name="setUpClass" finished-at="2026-05-14T00:11:49 IST" duration-ms="434" status="PASS">
          <params>
            <param index="0">
              <value>
                <![CDATA[org.testng.TestRunner@16a2ed51]]>
              </value>
            </param>
          </params>
          <reporter-output>
          </reporter-output>
        </test-method> <!-- setUpClass -->
        <test-method signature="runScenario(io.cucumber.testng.PickleWrapper,io.cucumber.testng.FeatureWrapper)[pri:0, instance:com.runner.TestNGRunner@5e17553a]" started-at="2026-05-14T00:11:49 IST" name="runScenario" description="Runs Cucumber Scenarios" data-provider="scenarios" finished-at="2026-05-14T00:11:58 IST" duration-ms="9069" status="PASS">
          <params>
            <param index="0">
              <value>
                <![CDATA["Verify user registration with valid details"]]>
              </value>
            </param>
            <param index="1">
              <value>
                <![CDATA["Vithya_13MAY2026_DEMOWEBSHOP_FeatureFileforUser Registration Functionality"]]>
              </value>
            </param>
          </params>
          <reporter-output>
          </reporter-output>
        </test-method> <!-- runScenario -->
        <test-method signature="runScenario(io.cucumber.testng.PickleWrapper,io.cucumber.testng.FeatureWrapper)[pri:0, instance:com.runner.TestNGRunner@5e17553a]" started-at="2026-05-14T00:11:58 IST" name="runScenario" description="Runs Cucumber Scenarios" data-provider="scenarios" finished-at="2026-05-14T00:12:06 IST" duration-ms="7825" status="PASS">
          <params>
            <param index="0">
              <value>
                <![CDATA["Verify registration with existing email"]]>
              </value>
            </param>
            <param index="1">
              <value>
                <![CDATA["Vithya_13MAY2026_DEMOWEBSHOP_FeatureFileforUser Registration Functionality"]]>
              </value>
            </param>
          </params>
          <reporter-output>
          </reporter-output>
        </test-method> <!-- runScenario -->
        <test-method is-config="true" signature="tearDownClass()[pri:0, instance:com.runner.TestNGRunner@5e17553a]" started-at="2026-05-14T00:12:06 IST" name="tearDownClass" finished-at="2026-05-14T00:12:06 IST" duration-ms="62" status="PASS">
          <reporter-output>
          </reporter-output>
        </test-method> <!-- tearDownClass -->
      </class> <!-- com.runner.TestNGRunner -->
    </test> <!-- Default test -->
  </suite> <!-- Default suite -->
</testng-results>
